<?xml version="1.0" encoding="UTF-8"?>
<!-- Generated by org.testng.reporters.JUnitXMLReporter -->
<testsuite hostname="NEWT526" name="Default test" tests="3" failures="0" timestamp="20 Nov 2017 14:50:52 GMT" time="65.214" errors="0">
  <testcase name="Addtocart" time="5.066" classname="com.ecommerce.selenium.pagefactory.framework.OrderFlow"/>
  <testcase name="Checkoutcart" time="9.448" classname="com.ecommerce.selenium.pagefactory.framework.OrderFlow"/>
  <testcase name="placeorder" time="15.446" classname="com.ecommerce.selenium.pagefactory.framework.OrderFlow"/>
</testsuite> <!-- Default test -->
