<?xml version="1.0" encoding="UTF-8"?>
<!-- Generated by org.testng.reporters.JUnitXMLReporter -->
<testsuite hostname="NEWT526" name="Place Order" tests="3" failures="0" timestamp="20 Nov 2017 13:03:05 GMT" time="1.616" errors="0">
  <testcase name="@BeforeTest Openapp" time="0.0" classname="com.ecommerce.selenium.pagefactory.framework.OrderFlow">
    <failure type="org.openqa.selenium.SessionNotCreatedException" message="Unable to create new service: ChromeDriverService
Build info: version: &amp;apos;3.7.1&amp;apos;, revision: &amp;apos;8a0099a&amp;apos;, time: &amp;apos;2017-11-06T21:07:36.161Z&amp;apos;
System info: host: &amp;apos;EC2AMAZ-U6FQG05&amp;apos;, ip: &amp;apos;172.31.56.210&amp;apos;, os.name: &amp;apos;Windows Server 2016&amp;apos;, os.arch: &amp;apos;amd64&amp;apos;, os.version: &amp;apos;10.0&amp;apos;, java.version: &amp;apos;1.8.0_151&amp;apos;
Driver info: driver.version: unknown
Command duration or timeout: 928 milliseconds
Build info: version: &amp;apos;2.45.0&amp;apos;, revision: &amp;apos;5017cb8e7ca8e37638dc3091b2440b90a1d8686f&amp;apos;, time: &amp;apos;2015-02-27 09:10:26&amp;apos;
System info: host: &amp;apos;NEWT526&amp;apos;, ip: &amp;apos;10.0.75.1&amp;apos;, os.name: &amp;apos;Windows 10&amp;apos;, os.arch: &amp;apos;amd64&amp;apos;, os.version: &amp;apos;10.0&amp;apos;, java.version: &amp;apos;1.8.0_151&amp;apos;
Driver info: org.openqa.selenium.remote.RemoteWebDriver">
      <![CDATA[org.openqa.selenium.SessionNotCreatedException: Unable to create new service: ChromeDriverService
Build info: version: '3.7.1', revision: '8a0099a', time: '2017-11-06T21:07:36.161Z'
System info: host: 'EC2AMAZ-U6FQG05', ip: '172.31.56.210', os.name: 'Windows Server 2016', os.arch: 'amd64', os.version: '10.0', java.version: '1.8.0_151'
Driver info: driver.version: unknown
Command duration or timeout: 928 milliseconds
Build info: version: '2.45.0', revision: '5017cb8e7ca8e37638dc3091b2440b90a1d8686f', time: '2015-02-27 09:10:26'
System info: host: 'NEWT526', ip: '10.0.75.1', os.name: 'Windows 10', os.arch: 'amd64', os.version: '10.0', java.version: '1.8.0_151'
Driver info: org.openqa.selenium.remote.RemoteWebDriver
	at org.openqa.selenium.remote.ErrorHandler.createThrowable(ErrorHandler.java:204)
	at org.openqa.selenium.remote.ErrorHandler.throwIfResponseFailed(ErrorHandler.java:156)
	at org.openqa.selenium.remote.RemoteWebDriver.execute(RemoteWebDriver.java:599)
	at org.openqa.selenium.remote.RemoteWebDriver.startSession(RemoteWebDriver.java:240)
	at org.openqa.selenium.remote.RemoteWebDriver.<init>(RemoteWebDriver.java:126)
	at org.openqa.selenium.remote.RemoteWebDriver.<init>(RemoteWebDriver.java:153)
	at com.ecommerce.selenium.pagefactory.framework.browser.web.RemoteBrowser.createWebDriver(RemoteBrowser.java:66)
	at com.ecommerce.selenium.pagefactory.framework.browser.web.WebBrowser.initializeBrowser(WebBrowser.java:91)
	at com.ecommerce.selenium.pagefactory.framework.browser.RemoteBrowserBuilder.build(RemoteBrowserBuilder.java:192)
	at com.ecommerce.selenium.pagefactory.framework.functions.Wrapper.createMinimalChrome(Wrapper.java:82)
	at com.ecommerce.selenium.pagefactory.framework.functions.Wrapper.openApplication(Wrapper.java:29)
	at com.ecommerce.selenium.pagefactory.framework.OrderFlow.Openapp(OrderFlow.java:25)
Caused by: org.openqa.selenium.SessionNotCreatedException: Unable to create new service: ChromeDriverService
Build info: version: '3.7.1', revision: '8a0099a', time: '2017-11-06T21:07:36.161Z'
System info: host: 'EC2AMAZ-U6FQG05', ip: '172.31.56.210', os.name: 'Windows Server 2016', os.arch: 'amd64', os.version: '10.0', java.version: '1.8.0_151'
Driver info: driver.version: unknown
Build info: version: '2.45.0', revision: '5017cb8e7ca8e37638dc3091b2440b90a1d8686f', time: '2015-02-27 09:10:26'
System info: host: 'NEWT526', ip: '10.0.75.1', os.name: 'Windows 10', os.arch: 'amd64', os.version: '10.0', java.version: '1.8.0_151'
Driver info: driver.version: unknown
	at org.openqa.selenium.remote.server.ServicedSession$Factory.lambda$get$0(ServicedSession.java:194)
	at org.openqa.selenium.remote.server.ServicedSession$Factory.apply(ServicedSession.java:204)
	at org.openqa.selenium.remote.server.ActiveSessionFactory.lambda$apply$11(ActiveSessionFactory.java:167)
	at java.util.stream.ReferencePipeline$3$1.accept(Unknown Source)
	at java.util.stream.ReferencePipeline$3$1.accept(Unknown Source)
	at java.util.stream.ReferencePipeline$11$1.accept(Unknown Source)
	at java.util.stream.ReferencePipeline$2$1.accept(Unknown Source)
	at java.util.Spliterators$ArraySpliterator.tryAdvance(Unknown Source)
	at java.util.stream.ReferencePipeline.forEachWithCancel(Unknown Source)
	at java.util.stream.AbstractPipeline.copyIntoWithCancel(Unknown Source)
	at java.util.stream.AbstractPipeline.copyInto(Unknown Source)
	at java.util.stream.AbstractPipeline.wrapAndCopyInto(Unknown Source)
	at java.util.stream.FindOps$FindOp.evaluateSequential(Unknown Source)
	at java.util.stream.AbstractPipeline.evaluate(Unknown Source)
	at java.util.stream.ReferencePipeline.findFirst(Unknown Source)
	at org.openqa.selenium.remote.server.ActiveSessionFactory.apply(ActiveSessionFactory.java:170)
	at org.openqa.selenium.remote.server.NewSessionPipeline.lambda$null$1(NewSessionPipeline.java:44)
	at java.util.stream.ReferencePipeline$3$1.accept(Unknown Source)
	at java.util.Collections$2.tryAdvance(Unknown Source)
	at java.util.stream.ReferencePipeline.forEachWithCancel(Unknown Source)
	at java.util.stream.AbstractPipeline.copyIntoWithCancel(Unknown Source)
	at java.util.stream.AbstractPipeline.copyInto(Unknown Source)
	at java.util.stream.AbstractPipeline.wrapAndCopyInto(Unknown Source)
	at java.util.stream.FindOps$FindOp.evaluateSequential(Unknown Source)
	at java.util.stream.AbstractPipeline.evaluate(Unknown Source)
	at java.util.stream.ReferencePipeline.findFirst(Unknown Source)
	at org.openqa.selenium.remote.server.NewSessionPipeline.lambda$createNewSession$2(NewSessionPipeline.java:47)
	at java.util.stream.ReferencePipeline$3$1.accept(Unknown Source)
	at java.util.stream.ReferencePipeline$3$1.accept(Unknown Source)
	at java.util.stream.ReferencePipeline$3$1.accept(Unknown Source)
	at java.util.stream.DistinctOps$1$2.accept(Unknown Source)
	at java.util.stream.ReferencePipeline$2$1.accept(Unknown Source)
	at java.util.stream.ReferencePipeline$3$1.accept(Unknown Source)
	at java.util.stream.ReferencePipeline$2$1.accept(Unknown Source)
	at java.util.stream.Streams$StreamBuilderImpl.tryAdvance(Unknown Source)
	at java.util.stream.Streams$ConcatSpliterator.tryAdvance(Unknown Source)
	at java.util.stream.ReferencePipeline.forEachWithCancel(Unknown Source)
	at java.util.stream.AbstractPipeline.copyIntoWithCancel(Unknown Source)
	at java.util.stream.AbstractPipeline.copyInto(Unknown Source)
	at java.util.stream.AbstractPipeline.wrapAndCopyInto(Unknown Source)
	at java.util.stream.FindOps$FindOp.evaluateSequential(Unknown Source)
	at java.util.stream.AbstractPipeline.evaluate(Unknown Source)
	at java.util.stream.ReferencePipeline.findFirst(Unknown Source)
	at org.openqa.selenium.remote.server.NewSessionPipeline.createNewSession(NewSessionPipeline.java:50)
	at org.openqa.selenium.remote.server.commandhandler.BeginSession.execute(BeginSession.java:77)
	at org.openqa.selenium.remote.server.WebDriverServlet.lambda$handle$0(WebDriverServlet.java:240)
	at java.util.concurrent.Executors$RunnableAdapter.call(Unknown Source)
	at java.util.concurrent.FutureTask.run(Unknown Source)
	at java.util.concurrent.ThreadPoolExecutor.runWorker(Unknown Source)
	at java.util.concurrent.ThreadPoolExecutor$Worker.run(Unknown Source)
	at java.lang.Thread.run(Unknown Source)
... Removed 29 stack frames]]>
    </failure>
  </testcase> <!-- @BeforeTest Openapp -->
  <testcase name="@BeforeMethod Login" time="0.0" classname="com.ecommerce.selenium.pagefactory.framework.OrderFlow">
    <skipped/>
  </testcase> <!-- @BeforeMethod Login -->
  <testcase name="@AfterMethod Logout" time="0.0" classname="com.ecommerce.selenium.pagefactory.framework.OrderFlow">
    <skipped/>
  </testcase> <!-- @AfterMethod Logout -->
  <testcase name="@BeforeMethod Login" time="0.0" classname="com.ecommerce.selenium.pagefactory.framework.OrderFlow">
    <skipped/>
  </testcase> <!-- @BeforeMethod Login -->
  <testcase name="@AfterMethod Logout" time="0.0" classname="com.ecommerce.selenium.pagefactory.framework.OrderFlow">
    <skipped/>
  </testcase> <!-- @AfterMethod Logout -->
  <testcase name="@BeforeMethod Login" time="0.0" classname="com.ecommerce.selenium.pagefactory.framework.OrderFlow">
    <skipped/>
  </testcase> <!-- @BeforeMethod Login -->
  <testcase name="@AfterMethod Logout" time="0.0" classname="com.ecommerce.selenium.pagefactory.framework.OrderFlow">
    <skipped/>
  </testcase> <!-- @AfterMethod Logout -->
  <testcase name="@AfterTest Closeapp" time="0.0" classname="com.ecommerce.selenium.pagefactory.framework.OrderFlow">
    <skipped/>
  </testcase> <!-- @AfterTest Closeapp -->
  <testcase name="Addtocart" time="0.001" classname="com.ecommerce.selenium.pagefactory.framework.OrderFlow">
    <skipped/>
  </testcase> <!-- Addtocart -->
  <testcase name="Checkoutcart" time="0.0" classname="com.ecommerce.selenium.pagefactory.framework.OrderFlow">
    <skipped/>
  </testcase> <!-- Checkoutcart -->
  <testcase name="placeorder" time="0.0" classname="com.ecommerce.selenium.pagefactory.framework.OrderFlow">
    <skipped/>
  </testcase> <!-- placeorder -->
</testsuite> <!-- Place Order -->
