<?xml version="1.0" encoding="UTF-8"?>
<testng-results skipped="0" failed="0" total="1" passed="1">
  <reporter-output>
  </reporter-output>
  <suite name="Default suite" duration-ms="54114" started-at="2018-01-04T14:16:46Z" finished-at="2018-01-04T14:17:40Z">
    <groups>
    </groups>
    <test name="Default test" duration-ms="54114" started-at="2018-01-04T14:16:46Z" finished-at="2018-01-04T14:17:40Z">
      <class name="com.ecommerce.selenium.pagefactory.framework.BroadLeaf_DesktopFlow">
        <test-method status="PASS" signature="placeorder()[pri:0, instance:com.ecommerce.selenium.pagefactory.framework.BroadLeaf_DesktopFlow@7085bdee]" name="placeorder" duration-ms="54090" started-at="2018-01-04T19:46:46Z" finished-at="2018-01-04T19:47:40Z">
          <reporter-output>
          </reporter-output>
        </test-method> <!-- placeorder -->
      </class> <!-- com.ecommerce.selenium.pagefactory.framework.BroadLeaf_DesktopFlow -->
    </test> <!-- Default test -->
  </suite> <!-- Default suite -->
</testng-results>
