<?xml version="1.0" encoding="UTF-8"?>
<testng-results skipped="0" failed="0" total="3" passed="3">
  <reporter-output>
  </reporter-output>
  <suite name="Ecommerce test run" duration-ms="62633" started-at="2018-01-04T14:55:08Z" finished-at="2018-01-04T14:56:11Z">
    <groups>
    </groups>
    <test name="Place Order" duration-ms="62633" started-at="2018-01-04T14:55:08Z" finished-at="2018-01-04T14:56:11Z">
      <class name="com.ecommerce.selenium.pagefactory.framework.BroadLeaf_DesktopFlow">
        <test-method status="PASS" signature="Addtocart()[pri:0, instance:com.ecommerce.selenium.pagefactory.framework.BroadLeaf_DesktopFlow@2f686d1f]" name="Addtocart" duration-ms="28076" started-at="2018-01-04T20:25:08Z" finished-at="2018-01-04T20:25:36Z">
          <reporter-output>
          </reporter-output>
        </test-method> <!-- Addtocart -->
        <test-method status="PASS" signature="Checkoutcart()[pri:0, instance:com.ecommerce.selenium.pagefactory.framework.BroadLeaf_DesktopFlow@2f686d1f]" name="Checkoutcart" duration-ms="45121" started-at="2018-01-04T20:25:08Z" finished-at="2018-01-04T20:25:53Z">
          <reporter-output>
          </reporter-output>
        </test-method> <!-- Checkoutcart -->
        <test-method status="PASS" signature="placeorder()[pri:0, instance:com.ecommerce.selenium.pagefactory.framework.BroadLeaf_DesktopFlow@2f686d1f]" name="placeorder" duration-ms="62612" started-at="2018-01-04T20:25:08Z" finished-at="2018-01-04T20:26:11Z">
          <reporter-output>
          </reporter-output>
        </test-method> <!-- placeorder -->
      </class> <!-- com.ecommerce.selenium.pagefactory.framework.BroadLeaf_DesktopFlow -->
    </test> <!-- Place Order -->
  </suite> <!-- Ecommerce test run -->
</testng-results>
